<?xml version="1.0" encoding="UTF-8"?>
<testsuite xmlns:xsi="http://www.w3.org/2001/XMLSchema-instance" xsi:noNamespaceSchemaLocation="https://maven.apache.org/surefire/maven-surefire-plugin/xsd/surefire-test-report-3.0.xsd" version="3.0" name="com.sapient.endur.service.HelloTest" time="0.06" tests="1" errors="1" skipped="0" failures="0">
  <properties>
[...]
</properties>
  <testcase name="" classname="com.sapient.endur.service.HelloTest" time="0.06">
    <error type="java.lang.Error"><![CDATA[java.lang.Error: 
Unresolved compilation problem: 

	at com.sapient.endur.service.HelloTest.setUpBeforeClass(HelloTest.java:18)
]]></error>
  </testcase>
</testsuite>